<?xml version="1.0" encoding="UTF-8" standalone="no"?>
<testsuite failures="1" name="cucumber.runtime.formatter.JUnitFormatter" skipped="0" tests="1" time="0.162466">
    <testcase classname="End To End flow to check the unit and total price of an item" name="Check the Unit Price and Total price of an item" time="0.162466">
        <failure message="org.openqa.selenium.WebDriverException: Cannot find firefox binary in PATH. Make sure firefox is installed. OS appears to be: WIN10&#10;Build info: version: '3.7.0', revision: '2321c73', time: '2017-11-02T22:22:35.584Z'&#10;System info: host: 'RENI-XPS13', ip: '192.168.1.6', os.name: 'Windows 10', os.arch: 'amd64', os.version: '10.0', java.version: '12.0.1'&#10;Driver info: driver.version: FirefoxDriver&#13;&#10;&#9;at org.openqa.selenium.firefox.FirefoxBinary.&lt;init&gt;(FirefoxBinary.java:116)&#13;&#10;&#9;at org.openqa.selenium.firefox.FirefoxOptions.getBinary(FirefoxOptions.java:218)&#13;&#10;&#9;at org.openqa.selenium.firefox.FirefoxDriver.toExecutor(FirefoxDriver.java:155)&#13;&#10;&#9;at org.openqa.selenium.firefox.FirefoxDriver.&lt;init&gt;(FirefoxDriver.java:120)&#13;&#10;&#9;at org.openqa.selenium.firefox.FirefoxDriver.&lt;init&gt;(FirefoxDriver.java:98)&#13;&#10;&#9;at com.nopCommerce.base.TestBase.startApplication(TestBase.java:33)&#13;&#10;&#9;at stepDefinition.Steps.user_is_on_Home_Page(Steps.java:32)&#13;&#10;&#9;at ✽.Given User is on Home Page(priceCheck.feature:9)&#13;&#10;">
            <![CDATA[Given User is on Home Page..................................................failed
When User search for "Apple MacBook Pro 13-inch"............................skipped
And User add the Item to the cart and enter qty "5".........................skipped
When User view the shopping cart............................................skipped
Then User should see unit price "$1,800.00" and total price of item "Apple MacBook Pro 13-inch".skipped

StackTrace:
org.openqa.selenium.WebDriverException: Cannot find firefox binary in PATH. Make sure firefox is installed. OS appears to be: WIN10
Build info: version: '3.7.0', revision: '2321c73', time: '2017-11-02T22:22:35.584Z'
System info: host: 'RENI-XPS13', ip: '192.168.1.6', os.name: 'Windows 10', os.arch: 'amd64', os.version: '10.0', java.version: '12.0.1'
Driver info: driver.version: FirefoxDriver
	at org.openqa.selenium.firefox.FirefoxBinary.<init>(FirefoxBinary.java:116)
	at org.openqa.selenium.firefox.FirefoxOptions.getBinary(FirefoxOptions.java:218)
	at org.openqa.selenium.firefox.FirefoxDriver.toExecutor(FirefoxDriver.java:155)
	at org.openqa.selenium.firefox.FirefoxDriver.<init>(FirefoxDriver.java:120)
	at org.openqa.selenium.firefox.FirefoxDriver.<init>(FirefoxDriver.java:98)
	at com.nopCommerce.base.TestBase.startApplication(TestBase.java:33)
	at stepDefinition.Steps.user_is_on_Home_Page(Steps.java:32)
	at ✽.Given User is on Home Page(priceCheck.feature:9)
]]>
        </failure>
    </testcase>
</testsuite>
